<?xml version="1.0" encoding="UTF-8"?>
<!-- Generated by org.testng.reporters.JUnitXMLReporter -->
<testsuite ignored="0" hostname="LAPTOP-E68UDU61" failures="0" tests="4" name="Default test" time="0.975" errors="0" timestamp="17 Jun 2020 11:39:32 GMT">
  <testcase classname="selenium.Remya" name="fileReadandWrite" time="0.912"/>
  <testcase classname="selenium.Remya" name="parametirization" time="0.002"/>
  <testcase classname="selenium.Remya" name="f" time="0.002"/>
  <testcase classname="selenium.Remya" name="f" time="0.002"/>
</testsuite> <!-- Default test -->
